  pch.cpp
  City.cpp
  Flight.cpp
  FlightGraph.cpp
C:\Users\Lenovo\OneDrive\Desktop\FAST\BS-CYB-SEM4 2026\DSA\DSA PROJECT\DSA PROJECT\FlightGraph.cpp(75,23): warning C4267: 'return': conversion from 'size_t' to 'int', possible loss of data
  (compiling source file '/FlightGraph.cpp')
  
  FlightManager.cpp
  GraphNode.cpp
  ReservationSystem.cpp
C:\Users\Lenovo\OneDrive\Desktop\FAST\BS-CYB-SEM4 2026\DSA\DSA PROJECT\DSA PROJECT\ReservationSystem.h(52,8): warning C4240: nonstandard extension used: access to 'ReservationSystem::Journey' now defined to be 'public', previously it was defined to be 'private'
  (compiling source file '/ReservationSystem.cpp')
      C:\Users\Lenovo\OneDrive\Desktop\FAST\BS-CYB-SEM4 2026\DSA\DSA PROJECT\DSA PROJECT\ReservationSystem.h(13,12):
      see declaration of 'ReservationSystem::Journey'
  
  Utility.cpp
  WebServer.cpp
C:\Users\Lenovo\OneDrive\Desktop\FAST\BS-CYB-SEM4 2026\DSA\DSA PROJECT\DSA PROJECT\ReservationSystem.h(52,8): warning C4240: nonstandard extension used: access to 'ReservationSystem::Journey' now defined to be 'public', previously it was defined to be 'private'
  (compiling source file '/WebServer.cpp')
      C:\Users\Lenovo\OneDrive\Desktop\FAST\BS-CYB-SEM4 2026\DSA\DSA PROJECT\DSA PROJECT\ReservationSystem.h(13,12):
      see declaration of 'ReservationSystem::Journey'
  
  Generating Code...
  DSA PROJECT.vcxproj -> C:\Users\Lenovo\OneDrive\Desktop\FAST\BS-CYB-SEM4 2026\DSA\DSA PROJECT\DSA PROJECT\x64\Debug\DSA PROJECT.exe
